<?xml version="1.0" encoding="UTF-8"?>
<!-- Generated by org.testng.reporters.JUnitReportReporter -->
<testsuite hostname="Pranali" failures="0" tests="7" name="pranaligondchawar.appiumtest.FoodSearch" time="30.406" errors="0" timestamp="2024-11-10T14:17:05 IST" skipped="0">
  <testcase classname="pranaligondchawar.appiumtest.FoodSearch" name="testLocationSet" time="7.483"/>
  <testcase classname="pranaligondchawar.appiumtest.FoodSearch" name="testSearchBarPresence" time="0.903"/>
  <testcase classname="pranaligondchawar.appiumtest.FoodSearch" name="testSearchBarInput" time="2.104"/>
  <testcase classname="pranaligondchawar.appiumtest.FoodSearch" name="testValidSearchResults" time="3.693"/>
  <testcase classname="pranaligondchawar.appiumtest.FoodSearch" name="testNoResultsMessage" time="5.148"/>
  <testcase classname="pranaligondchawar.appiumtest.FoodSearch" name="testCaseSensitiveSearchUpdates" time="6.949"/>
  <testcase classname="pranaligondchawar.appiumtest.FoodSearch" name="testDynamicSearchUpdates" time="4.126"/>
</testsuite> <!-- pranaligondchawar.appiumtest.FoodSearch -->
