<?xml version="1.0" encoding="UTF-8"?>
<!-- Generated by org.testng.reporters.JUnitReportReporter -->
<testsuite hostname="Pranali" failures="0" tests="1" name="pranaligondchawar.appiumtest.AppiumBasics" time="55.620" errors="0" timestamp="2024-11-08T19:03:35 IST" skipped="0">
  <testcase classname="pranaligondchawar.appiumtest.AppiumBasics" name="AppiumTest" time="55.620"/>
</testsuite> <!-- pranaligondchawar.appiumtest.AppiumBasics -->
