<?xml version="1.0" encoding="UTF-8"?>
<!-- Generated by org.testng.reporters.JUnitReportReporter -->
<testsuite hostname="Pranali" failures="0" tests="4" name="pranaligondchawar.appiumtest.LoginTest" time="46.187" errors="0" timestamp="2024-11-10T21:08:50 IST" skipped="0">
  <testcase classname="pranaligondchawar.appiumtest.LoginTest" name="testEmptyFields" time="10.515"/>
  <testcase classname="pranaligondchawar.appiumtest.LoginTest" name="testNoPassword" time="10.578"/>
  <testcase classname="pranaligondchawar.appiumtest.LoginTest" name="testIncorrectCredentials" time="10.496"/>
  <testcase classname="pranaligondchawar.appiumtest.LoginTest" name="testSuccessfulLogin" time="14.598"/>
</testsuite> <!-- pranaligondchawar.appiumtest.LoginTest -->
